Running 78 benchmark combinations...
--------------------------------------------------
Benchmark 1/78
n=100000, n0=1000, d=3, k=4, cuda=True
Graph depth: 30, build_tree: 1555.57 ms, query_neighbors: 499.51 ms, compute_depths: 37.52 ms, order_by_depth: 1222.21 ms
Compiled memory: 30.9 MB
Warmup: 27.77 ms
Forward pass: 1.28 ± 0.03 ms

Benchmark 2/78
n=100000, n0=1000, d=3, k=4, cuda=False
Graph depth: 30, build_tree: 0.34 ms, query_neighbors: 528.43 ms, compute_depths: 0.11 ms, order_by_depth: 32.58 ms
Compiled memory: 30.9 MB
Warmup: 273.90 ms
Forward pass: 6.23 ± 0.07 ms

Benchmark 3/78
n=100000, n0=1000, d=3, k=4, cuda=True, graph={'strict': False, 'factor': 5.0}
Graph depth: 4, build_tree: 0.65 ms, query_neighbors: 617.76 ms
Compiled memory: 30.9 MB
Warmup: 5.15 ms
Forward pass: 0.80 ± 0.06 ms

Benchmark 4/78
n=100000, n0=1000, d=3, k=4, cuda=False, graph={'strict': False, 'factor': 5.0}
Graph depth: 4, build_tree: 0.32 ms, query_neighbors: 419.15 ms
Compiled memory: 54.3 MB
Warmup: 21.32 ms
Forward pass: 1.86 ± 0.03 ms

Benchmark 5/78
n=100000, n0=1000, d=3, k=8, cuda=True
Graph depth: 53, build_tree: 0.66 ms, query_neighbors: 440.03 ms, compute_depths: 9.71 ms, order_by_depth: 1185.52 ms
Compiled memory: 32.4 MB
Warmup: 7.63 ms
Forward pass: 3.29 ± 0.03 ms

Benchmark 6/78
n=100000, n0=1000, d=3, k=8, cuda=False
Graph depth: 53, build_tree: 0.33 ms, query_neighbors: 437.47 ms, compute_depths: 0.11 ms, order_by_depth: 53.89 ms
Compiled memory: 32.5 MB
Warmup: 364.77 ms
Forward pass: 12.16 ± 0.06 ms

Benchmark 7/78
n=100000, n0=1000, d=3, k=8, cuda=True, graph={'strict': False, 'factor': 5.0}
Graph depth: 4, build_tree: 0.59 ms, query_neighbors: 448.15 ms
Compiled memory: 32.4 MB
Warmup: 5.25 ms
Forward pass: 0.89 ± 0.07 ms

Benchmark 8/78
n=100000, n0=1000, d=3, k=8, cuda=False, graph={'strict': False, 'factor': 5.0}
Graph depth: 4, build_tree: 0.31 ms, query_neighbors: 439.73 ms
Compiled memory: 169.3 MB
Warmup: 22.61 ms
Forward pass: 3.05 ± 0.02 ms

Benchmark 9/78
n=100000, n0=1000, d=3, k=16, cuda=True
Graph depth: 95, build_tree: 0.32 ms, query_neighbors: 468.41 ms, compute_depths: 9.53 ms, order_by_depth: 1333.26 ms
Compiled memory: 35.4 MB
Warmup: 20.76 ms
Forward pass: 16.41 ± 0.06 ms

Benchmark 10/78
n=100000, n0=1000, d=3, k=16, cuda=False
Graph depth: 95, build_tree: 0.62 ms, query_neighbors: 461.73 ms, compute_depths: 0.10 ms, order_by_depth: 81.59 ms
Compiled memory: 38.5 MB
Warmup: 665.11 ms
Forward pass: 25.94 ± 0.04 ms

Benchmark 11/78
n=100000, n0=1000, d=3, k=16, cuda=True, graph={'strict': False, 'factor': 5.0}
Graph depth: 4, build_tree: 0.61 ms, query_neighbors: 502.31 ms
Compiled memory: 35.4 MB
Warmup: 5.94 ms
Forward pass: 1.38 ± 0.06 ms

Benchmark 12/78
n=100000, n0=1000, d=3, k=16, cuda=False, graph={'strict': False, 'factor': 5.0}
Graph depth: 4, build_tree: 0.32 ms, query_neighbors: 497.81 ms
Compiled memory: 587.6 MB
Warmup: 26.90 ms
Forward pass: 7.67 ± 0.03 ms

Benchmark 13/78
n=300000, n0=1000, d=3, k=4, cuda=True
Graph depth: 37, build_tree: 1525.78 ms, query_neighbors: 665.98 ms, compute_depths: 9.98 ms, order_by_depth: 1385.82 ms
Compiled memory: 39.3 MB
Warmup: 6.07 ms
Forward pass: 1.48 ± 0.05 ms

Benchmark 14/78
n=300000, n0=1000, d=3, k=4, cuda=False
Graph depth: 37, build_tree: 0.42 ms, query_neighbors: 668.33 ms, compute_depths: 0.15 ms, order_by_depth: 115.72 ms
Compiled memory: 39.4 MB
Warmup: 492.31 ms
Forward pass: 9.37 ± 0.07 ms

Benchmark 15/78
n=300000, n0=1000, d=3, k=4, cuda=True, graph={'strict': False, 'factor': 5.0}
Graph depth: 5, build_tree: 0.61 ms, query_neighbors: 1134.55 ms
Compiled memory: 39.3 MB
Warmup: 36.84 ms
Forward pass: 0.83 ± 0.04 ms

Benchmark 16/78
n=300000, n0=1000, d=3, k=4, cuda=False, graph={'strict': False, 'factor': 5.0}
Graph depth: 5, build_tree: 0.50 ms, query_neighbors: 836.04 ms
Compiled memory: 130.3 MB
Warmup: 34.89 ms
Forward pass: 3.53 ± 0.05 ms

Benchmark 17/78
n=300000, n0=1000, d=3, k=8, cuda=True
Graph depth: 62, build_tree: 0.58 ms, query_neighbors: 923.99 ms, compute_depths: 13.39 ms, order_by_depth: 1769.00 ms
Compiled memory: 43.8 MB
Warmup: 9.19 ms
Forward pass: 3.81 ± 0.03 ms

Benchmark 18/78
n=300000, n0=1000, d=3, k=8, cuda=False
Graph depth: 62, build_tree: 0.50 ms, query_neighbors: 821.42 ms, compute_depths: 0.15 ms, order_by_depth: 191.20 ms
Compiled memory: 60.6 MB
Warmup: 433.08 ms
Forward pass: 16.84 ± 0.07 ms

Benchmark 19/78
n=300000, n0=1000, d=3, k=8, cuda=True, graph={'strict': False, 'factor': 5.0}
Graph depth: 5, build_tree: 0.79 ms, query_neighbors: 727.73 ms
Compiled memory: 43.8 MB
Warmup: 5.81 ms
Forward pass: 1.04 ± 0.07 ms

Benchmark 20/78
n=300000, n0=1000, d=3, k=8, cuda=False, graph={'strict': False, 'factor': 5.0}
Graph depth: 5, build_tree: 0.42 ms, query_neighbors: 759.84 ms
Compiled memory: 396.1 MB
Warmup: 31.42 ms
Forward pass: 7.06 ± 0.03 ms

Benchmark 21/78
n=300000, n0=1000, d=3, k=16, cuda=True
Graph depth: 115, build_tree: 0.41 ms, query_neighbors: 832.68 ms, compute_depths: 10.35 ms, order_by_depth: 1749.47 ms
Compiled memory: 53.0 MB
Warmup: 24.41 ms
Forward pass: 20.04 ± 0.07 ms

Benchmark 22/78
n=300000, n0=1000, d=3, k=16, cuda=False
Graph depth: 115, build_tree: 0.41 ms, query_neighbors: 812.01 ms, compute_depths: 0.15 ms, order_by_depth: 317.18 ms
Compiled memory: 116.6 MB
Warmup: 878.47 ms
Forward pass: 42.42 ± 0.03 ms

Benchmark 23/78
n=300000, n0=1000, d=3, k=16, cuda=True, graph={'strict': False, 'factor': 5.0}
Graph depth: 5, build_tree: 1.31 ms, query_neighbors: 845.89 ms
Compiled memory: 53.0 MB
Warmup: 6.62 ms
Forward pass: 1.95 ± 0.03 ms

Benchmark 24/78
n=300000, n0=1000, d=3, k=16, cuda=False, graph={'strict': False, 'factor': 5.0}
Graph depth: 5, build_tree: 0.43 ms, query_neighbors: 800.61 ms
Compiled memory: 1377.2 MB
Warmup: 45.28 ms
Forward pass: 21.03 ± 0.06 ms

Benchmark 25/78
n=1000000, n0=1000, d=3, k=4, cuda=True
Graph depth: 42, build_tree: 1607.04 ms, query_neighbors: 944.43 ms, compute_depths: 10.80 ms, order_by_depth: 1544.59 ms
Compiled memory: 64.8 MB
Warmup: 6.26 ms
Forward pass: 1.66 ± 0.03 ms

Benchmark 26/78
n=1000000, n0=1000, d=3, k=4, cuda=False
Graph depth: 42, build_tree: 0.43 ms, query_neighbors: 932.20 ms, compute_depths: 0.11 ms, order_by_depth: 425.79 ms
Compiled memory: 108.5 MB
Warmup: 337.09 ms
Forward pass: 15.09 ± 0.07 ms

Benchmark 27/78
n=1000000, n0=1000, d=3, k=4, cuda=True, graph={'strict': False, 'factor': 5.0}
Graph depth: 6, build_tree: 0.53 ms, query_neighbors: 1168.26 ms
Compiled memory: 64.8 MB
Warmup: 37.57 ms
Forward pass: 0.95 ± 0.02 ms

Benchmark 28/78
n=1000000, n0=1000, d=3, k=4, cuda=False, graph={'strict': False, 'factor': 5.0}
Graph depth: 6, build_tree: 0.45 ms, query_neighbors: 989.11 ms
Compiled memory: 376.6 MB
Warmup: 40.80 ms
Forward pass: 9.07 ± 0.05 ms

Benchmark 29/78
n=1000000, n0=1000, d=3, k=8, cuda=True
Graph depth: 74, build_tree: 0.50 ms, query_neighbors: 1065.40 ms, compute_depths: 10.73 ms, order_by_depth: 1576.92 ms
Compiled memory: 80.1 MB
Warmup: 9.28 ms
Forward pass: 4.63 ± 0.03 ms

Benchmark 30/78
n=1000000, n0=1000, d=3, k=8, cuda=False
Graph depth: 74, build_tree: 0.45 ms, query_neighbors: 1080.36 ms, compute_depths: 0.11 ms, order_by_depth: 749.68 ms
Compiled memory: 191.6 MB
Warmup: 521.10 ms
Forward pass: 32.14 ± 0.03 ms

Benchmark 31/78
n=1000000, n0=1000, d=3, k=8, cuda=True, graph={'strict': False, 'factor': 5.0}
Graph depth: 6, build_tree: 0.96 ms, query_neighbors: 1185.11 ms
Compiled memory: 80.1 MB
Warmup: 40.54 ms
Forward pass: 1.46 ± 0.02 ms

Benchmark 32/78
n=1000000, n0=1000, d=3, k=8, cuda=False, graph={'strict': False, 'factor': 5.0}
Graph depth: 6, build_tree: 0.49 ms, query_neighbors: 1154.34 ms
Compiled memory: 1139.1 MB
Warmup: 60.13 ms
Forward pass: 20.39 ± 0.09 ms

Benchmark 33/78
n=1000000, n0=1000, d=3, k=16, cuda=True
Graph depth: 137, build_tree: 0.59 ms, query_neighbors: 1532.87 ms, compute_depths: 15.31 ms, order_by_depth: 1778.79 ms
Compiled memory: 110.6 MB
Warmup: 30.36 ms
Forward pass: 24.62 ± 0.08 ms

Benchmark 34/78
n=1000000, n0=1000, d=3, k=16, cuda=False
Graph depth: 137, build_tree: 0.56 ms, query_neighbors: 1378.57 ms, compute_depths: 0.14 ms, order_by_depth: 1167.28 ms
Compiled memory: 385.4 MB
Warmup: 1550.78 ms
Forward pass: 93.12 ± 0.03 ms

Benchmark 35/78
n=1000000, n0=1000, d=3, k=16, cuda=True, graph={'strict': False, 'factor': 5.0}
Graph depth: 6, build_tree: 3.21 ms, query_neighbors: 1519.10 ms
Compiled memory: 110.6 MB
Warmup: 9.03 ms
Forward pass: 3.97 ± 0.03 ms

Benchmark 36/78
n=1000000, n0=1000, d=3, k=16, cuda=False, graph={'strict': False, 'factor': 5.0}
Graph depth: 6, build_tree: 0.52 ms, query_neighbors: 1497.08 ms
Compiled memory: 3954.4 MB
Warmup: 97.70 ms
Forward pass: 66.08 ± 0.07 ms

Benchmark 37/78
n=3000000, n0=1000, d=3, k=4, cuda=True
Graph depth: 49, build_tree: 1871.78 ms, query_neighbors: 3586.47 ms, compute_depths: 11.27 ms, order_by_depth: 1816.06 ms
Compiled memory: 148.8 MB
Warmup: 7.93 ms
Forward pass: 2.36 ± 0.10 ms

Benchmark 38/78
n=3000000, n0=1000, d=3, k=4, cuda=False
Graph depth: 49, build_tree: 0.77 ms, query_neighbors: 3111.98 ms, compute_depths: 0.15 ms, order_by_depth: 1375.45 ms
Compiled memory: 320.3 MB
Warmup: 666.08 ms
Forward pass: 31.83 ± 0.12 ms

Benchmark 39/78
n=3000000, n0=1000, d=3, k=4, cuda=True, graph={'strict': False, 'factor': 5.0}
Graph depth: 6, build_tree: 0.78 ms, query_neighbors: 3344.37 ms
Compiled memory: 148.8 MB
Warmup: 7.35 ms
Forward pass: 1.40 ± 0.06 ms

Benchmark 40/78
n=3000000, n0=1000, d=3, k=4, cuda=False, graph={'strict': False, 'factor': 5.0}
Graph depth: 6, build_tree: 0.66 ms, query_neighbors: 3160.78 ms
Compiled memory: 1714.1 MB
Warmup: 62.50 ms
Forward pass: 24.88 ± 0.07 ms

Benchmark 41/78
n=3000000, n0=1000, d=3, k=8, cuda=True
Graph depth: 86, build_tree: 0.73 ms, query_neighbors: 3303.93 ms, compute_depths: 12.50 ms, order_by_depth: 2626.78 ms
Compiled memory: 194.5 MB
Warmup: 10.97 ms
Forward pass: 6.44 ± 0.03 ms

Benchmark 42/78
n=3000000, n0=1000, d=3, k=8, cuda=False
Graph depth: 86, build_tree: 0.93 ms, query_neighbors: 3114.04 ms, compute_depths: 0.15 ms, order_by_depth: 2300.39 ms
Compiled memory: 559.5 MB
Warmup: 853.83 ms
Forward pass: 73.44 ± 0.09 ms

Benchmark 43/78
n=3000000, n0=1000, d=3, k=8, cuda=True, graph={'strict': False, 'factor': 5.0}
Graph depth: 6, build_tree: 1.19 ms, query_neighbors: 3251.13 ms
Compiled memory: 194.5 MB
Warmup: 9.32 ms
Forward pass: 2.73 ± 0.07 ms

Benchmark 44/78
n=3000000, n0=1000, d=3, k=8, cuda=False, graph={'strict': False, 'factor': 5.0}
Graph depth: 6, build_tree: 0.68 ms, query_neighbors: 3265.34 ms
Compiled memory: 5329.1 MB
Warmup: 89.56 ms
Forward pass: 57.66 ± 0.03 ms

Benchmark 45/78
n=3000000, n0=1000, d=3, k=16, cuda=True
Graph depth: 160, build_tree: 0.62 ms, query_neighbors: 3943.76 ms, compute_depths: 11.88 ms, order_by_depth: 3836.62 ms
Compiled memory: 286.0 MB
Warmup: 37.50 ms
Forward pass: 33.34 ± 0.05 ms

Benchmark 46/78
n=3000000, n0=1000, d=3, k=16, cuda=False
Graph depth: 160, build_tree: 0.54 ms, query_neighbors: 3938.79 ms, compute_depths: 0.13 ms, order_by_depth: 3531.23 ms
Compiled memory: 1228.3 MB
Warmup: 1929.62 ms
Forward pass: 230.59 ± 0.06 ms

Benchmark 47/78
n=3000000, n0=1000, d=3, k=16, cuda=True, graph={'strict': False, 'factor': 5.0}
Graph depth: 6, build_tree: 44.03 ms, query_neighbors: 4035.08 ms
Compiled memory: 286.0 MB
Warmup: 14.15 ms
Forward pass: 9.63 ± 0.06 ms

Benchmark 48/78
n=3000000, n0=1000, d=3, k=16, cuda=False, graph={'strict': False, 'factor': 5.0}
Graph depth: 6, build_tree: 0.55 ms, query_neighbors: 3998.28 ms
Compiled memory: 18630.0 MB
Warmup: 223.59 ms
Forward pass: 193.38 ± 0.04 ms

Benchmark 49/78
n=10000000, n0=1000, d=3, k=4, cuda=True
Graph depth: 58, build_tree: 2196.11 ms, query_neighbors: 9190.92 ms, compute_depths: 15.43 ms, order_by_depth: 5425.99 ms
Compiled memory: 457.8 MB
Warmup: 10.46 ms
Forward pass: 4.77 ± 0.03 ms

Benchmark 50/78
n=10000000, n0=1000, d=3, k=4, cuda=False
Graph depth: 58, build_tree: 0.96 ms, query_neighbors: 8464.07 ms, compute_depths: 0.16 ms, order_by_depth: 5048.66 ms
Compiled memory: 1061.6 MB
Warmup: 473.91 ms
Forward pass: 88.91 ± 0.05 ms

Benchmark 51/78
n=10000000, n0=1000, d=3, k=4, cuda=True, graph={'strict': False, 'factor': 5.0}
Graph depth: 7, build_tree: 1.02 ms, query_neighbors: 8770.19 ms
Compiled memory: 457.8 MB
Warmup: 7.96 ms
Forward pass: 3.22 ± 0.07 ms

Benchmark 52/78
n=10000000, n0=1000, d=3, k=4, cuda=False, graph={'strict': False, 'factor': 5.0}
Graph depth: 7, build_tree: 0.72 ms, query_neighbors: 8799.26 ms
Compiled memory: 5047.3 MB
Warmup: 116.41 ms
Forward pass: 79.55 ± 0.02 ms

Benchmark 53/78
n=10000000, n0=1000, d=3, k=8, cuda=True
Graph depth: 97, build_tree: 0.72 ms, query_neighbors: 10697.20 ms, compute_depths: 16.77 ms, order_by_depth: 8879.23 ms
Compiled memory: 610.3 MB
Warmup: 18.53 ms
Forward pass: 13.19 ± 0.05 ms

Benchmark 54/78
n=10000000, n0=1000, d=3, k=8, cuda=False
Graph depth: 97, build_tree: 1.29 ms, query_neighbors: 10396.10 ms, compute_depths: 0.17 ms, order_by_depth: 8402.72 ms
Compiled memory: 1861.5 MB
Warmup: 1276.89 ms
Forward pass: 210.23 ± 0.07 ms

Benchmark 55/78
n=10000000, n0=1000, d=3, k=8, cuda=True, graph={'strict': False, 'factor': 5.0}
Graph depth: 7, build_tree: 1.70 ms, query_neighbors: 11113.90 ms
Compiled memory: 610.3 MB
Warmup: 14.08 ms
Forward pass: 7.93 ± 0.05 ms

Benchmark 56/78
n=10000000, n0=1000, d=3, k=8, cuda=False, graph={'strict': False, 'factor': 5.0}
Graph depth: 7, build_tree: 0.93 ms, query_neighbors: 11037.30 ms
Compiled memory: 15506.7 MB
Warmup: 243.26 ms
Forward pass: 188.09 ± 0.04 ms

Benchmark 57/78
n=10000000, n0=1000, d=3, k=16, cuda=True
Graph depth: 187, build_tree: 1.63 ms, query_neighbors: 14763.88 ms, compute_depths: 13.28 ms, order_by_depth: 13356.79 ms
Compiled memory: 915.5 MB
Warmup: 63.49 ms
Forward pass: 59.15 ± 0.06 ms

Benchmark 58/78
n=10000000, n0=1000, d=3, k=16, cuda=False
Graph depth: 187, build_tree: 0.74 ms, query_neighbors: 14487.14 ms, compute_depths: 0.15 ms, order_by_depth: 12954.51 ms
Compiled memory: 3576.7 MB
Warmup: 2641.55 ms
Forward pass: 695.87 ± 0.14 ms

Benchmark 59/78
n=10000000, n0=1000, d=3, k=16, cuda=True, graph={'strict': False, 'factor': 5.0}
Graph depth: 7, build_tree: 1.38 ms, query_neighbors: 13733.77 ms
Compiled memory: 915.5 MB
Warmup: 36.97 ms
Forward pass: 30.70 ± 0.07 ms

Benchmark 60/78
n=10000000, n0=1000, d=3, k=16, cuda=False, graph={'strict': False, 'factor': 5.0}
Graph depth: 7, build_tree: 0.90 ms, query_neighbors: 14656.64 ms
Compiled memory: 54049.4 MB
Warmup: 691.05 ms
Forward pass: 641.44 ± 0.08 ms

Benchmark 61/78
n=30000000, n0=1000, d=3, k=4, cuda=True
Graph depth: 64, build_tree: 2837.57 ms, query_neighbors: 26796.40 ms, compute_depths: 18.29 ms, order_by_depth: 19451.92 ms
Compiled memory: 1373.3 MB
Warmup: 17.61 ms
Forward pass: 12.58 ± 0.06 ms

Benchmark 62/78
n=30000000, n0=1000, d=3, k=4, cuda=True, graph={'strict': False, 'factor': 5.0}
Graph depth: 8, build_tree: 0.90 ms, query_neighbors: 25590.76 ms
Compiled memory: 1373.3 MB
Warmup: 15.89 ms
Forward pass: 9.24 ± 0.06 ms

Benchmark 63/78
n=30000000, n0=1000, d=3, k=8, cuda=True
Graph depth: 113, build_tree: 1.16 ms, query_neighbors: 34104.71 ms, compute_depths: 14.27 ms, order_by_depth: 31442.15 ms
Compiled memory: 1831.0 MB
Warmup: 39.81 ms
Forward pass: 33.02 ± 0.08 ms

Benchmark 64/78
n=30000000, n0=1000, d=3, k=8, cuda=True, graph={'strict': False, 'factor': 5.0}
Graph depth: 8, build_tree: 1.61 ms, query_neighbors: 33527.04 ms
Compiled memory: 1831.0 MB
Warmup: 30.52 ms
Forward pass: 23.67 ± 0.08 ms

Benchmark 65/78
n=30000000, n0=1000, d=3, k=16, cuda=True
Graph depth: 210, build_tree: 1.09 ms, query_neighbors: 43297.62 ms, compute_depths: 16.86 ms, order_by_depth: 48140.30 ms
Compiled memory: 2746.5 MB
Warmup: 135.08 ms
Forward pass: 130.11 ± 0.11 ms

Benchmark 66/78
n=30000000, n0=1000, d=3, k=16, cuda=True, graph={'strict': False, 'factor': 5.0}
Graph depth: 8, build_tree: 1.36 ms, query_neighbors: 41945.81 ms
Compiled memory: 2746.5 MB
Warmup: 97.24 ms
Forward pass: 91.86 ± 0.07 ms

Benchmark 67/78
n=100000000, n0=1000, d=3, k=4, cuda=True
Graph depth: 68, build_tree: 2573.37 ms, query_neighbors: 85507.25 ms, compute_depths: 17.25 ms, order_by_depth: 72005.31 ms
Compiled memory: 4577.6 MB
Warmup: 45.26 ms
Forward pass: 40.30 ± 0.07 ms

Benchmark 68/78
n=100000000, n0=1000, d=3, k=4, cuda=True, graph={'strict': False, 'factor': 5.0}
Graph depth: 9, build_tree: 1.15 ms, query_neighbors: 90514.34 ms
Compiled memory: 4577.6 MB
Warmup: 36.21 ms
Forward pass: 30.63 ± 0.05 ms

Benchmark 69/78
n=100000000, n0=1000, d=3, k=8, cuda=True
Graph depth: 122, build_tree: 1.72 ms, query_neighbors: 124039.43 ms, compute_depths: 19.77 ms, order_by_depth: 116042.20 ms
Compiled memory: 6103.5 MB
Warmup: 106.36 ms
Forward pass: 101.50 ± 0.07 ms

Benchmark 70/78
n=100000000, n0=1000, d=3, k=8, cuda=True, graph={'strict': False, 'factor': 5.0}
Graph depth: 9, build_tree: 1.49 ms, query_neighbors: 141513.69 ms
Compiled memory: 6103.5 MB
Warmup: 84.43 ms
Forward pass: 78.66 ± 0.03 ms

Benchmark 71/78
n=100000000, n0=1000, d=3, k=16, cuda=True
Graph depth: 237, build_tree: 1.76 ms, query_neighbors: 222898.97 ms, compute_depths: 21.98 ms, order_by_depth: 176971.49 ms
Compiled memory: 9155.2 MB
Warmup: 377.00 ms
Forward pass: 372.33 ± 0.18 ms

Benchmark 72/78
n=100000000, n0=1000, d=3, k=16, cuda=True, graph={'strict': False, 'factor': 5.0}
Graph depth: 9, build_tree: 1.62 ms, query_neighbors: 286315.29 ms
Compiled memory: 9155.2 MB
Warmup: 310.70 ms
Forward pass: 303.82 ± 0.04 ms

Benchmark 73/78
n=300000000, n0=1000, d=3, k=4, cuda=True
/cm/local/apps/slurm/var/spool/job89135/slurm_script: line 17: 2713378 Killed                  python benchmark.py --config benchmarks/scaling_config.json --output output/scaling_results.json
slurmstepd: error: Detected 1 oom_kill event in StepId=89135.batch. Some of the step tasks have been OOM Killed.
