Running 60 benchmark combinations...
--------------------------------------------------
Benchmark 1/60
n=100000, n0=1000, d=3, k=4, cuda=True
Graph depth: 30, build_tree: 1258.77 ms, query_neighbors: 471.85 ms, compute_depths: 11.23 ms, order_by_depth: 1210.38 ms
Forward pass: 1.30 ± 0.05 ms

Benchmark 2/60
n=100000, n0=1000, d=3, k=4, cuda=False
Graph depth: 30, build_tree: 0.57 ms, query_neighbors: 425.39 ms, compute_depths: 0.13 ms, order_by_depth: 32.88 ms
Forward pass: 5.94 ± 0.08 ms

Benchmark 3/60
n=100000, n0=1000, d=3, k=4, cuda=True, graph={'strict': False, 'factor': 5.0}
Graph depth: 4, build_tree: 0.65 ms, compute_offsets: 0.02 ms, query_neighbors: 641.41 ms
Forward pass: 0.75 ± 0.03 ms

Benchmark 4/60
n=100000, n0=1000, d=3, k=4, cuda=False, graph={'strict': False, 'factor': 5.0}
Graph depth: 4, build_tree: 0.33 ms, compute_offsets: 0.01 ms, query_neighbors: 424.01 ms
Forward pass: 1.85 ± 0.08 ms

Benchmark 5/60
n=100000, n0=1000, d=3, k=8, cuda=True
Graph depth: 53, build_tree: 0.69 ms, query_neighbors: 446.24 ms, compute_depths: 9.26 ms, order_by_depth: 1205.78 ms
Forward pass: 3.27 ± 0.03 ms

Benchmark 6/60
n=100000, n0=1000, d=3, k=8, cuda=False
Graph depth: 53, build_tree: 0.35 ms, query_neighbors: 442.15 ms, compute_depths: 0.10 ms, order_by_depth: 54.16 ms
Forward pass: 11.59 ± 0.08 ms

Benchmark 7/60
n=100000, n0=1000, d=3, k=8, cuda=True, graph={'strict': False, 'factor': 5.0}
Graph depth: 4, build_tree: 0.61 ms, compute_offsets: 0.01 ms, query_neighbors: 469.77 ms
Forward pass: 0.89 ± 0.07 ms

Benchmark 8/60
n=100000, n0=1000, d=3, k=8, cuda=False, graph={'strict': False, 'factor': 5.0}
Graph depth: 4, build_tree: 0.39 ms, compute_offsets: 0.01 ms, query_neighbors: 453.24 ms
Forward pass: 3.04 ± 0.07 ms

Benchmark 9/60
n=100000, n0=1000, d=3, k=16, cuda=True
Graph depth: 95, build_tree: 0.38 ms, query_neighbors: 485.69 ms, compute_depths: 10.13 ms, order_by_depth: 1396.23 ms
Forward pass: 16.31 ± 0.08 ms

Benchmark 10/60
n=100000, n0=1000, d=3, k=16, cuda=False
Graph depth: 95, build_tree: 0.69 ms, query_neighbors: 479.42 ms, compute_depths: 0.11 ms, order_by_depth: 82.33 ms
Forward pass: 24.83 ± 0.06 ms

Benchmark 11/60
n=100000, n0=1000, d=3, k=16, cuda=True, graph={'strict': False, 'factor': 5.0}
Graph depth: 4, build_tree: 0.71 ms, compute_offsets: 0.01 ms, query_neighbors: 533.54 ms
Forward pass: 1.38 ± 0.05 ms

Benchmark 12/60
n=100000, n0=1000, d=3, k=16, cuda=False, graph={'strict': False, 'factor': 5.0}
Graph depth: 4, build_tree: 0.34 ms, compute_offsets: 0.01 ms, query_neighbors: 513.92 ms
Forward pass: 7.62 ± 0.03 ms

Benchmark 13/60
n=300000, n0=1000, d=3, k=4, cuda=True
Graph depth: 37, build_tree: 1540.37 ms, query_neighbors: 689.07 ms, compute_depths: 10.53 ms, order_by_depth: 1431.29 ms
Forward pass: 1.47 ± 0.06 ms

Benchmark 14/60
n=300000, n0=1000, d=3, k=4, cuda=False
Graph depth: 37, build_tree: 0.43 ms, query_neighbors: 653.71 ms, compute_depths: 0.14 ms, order_by_depth: 117.07 ms
Forward pass: 8.72 ± 0.04 ms

Benchmark 15/60
n=300000, n0=1000, d=3, k=4, cuda=True, graph={'strict': False, 'factor': 5.0}
Graph depth: 5, build_tree: 0.63 ms, compute_offsets: 0.01 ms, query_neighbors: 894.26 ms
Forward pass: 0.84 ± 0.05 ms

Benchmark 16/60
n=300000, n0=1000, d=3, k=4, cuda=False, graph={'strict': False, 'factor': 5.0}
Graph depth: 5, build_tree: 0.46 ms, compute_offsets: 0.01 ms, query_neighbors: 665.47 ms
Forward pass: 3.44 ± 0.04 ms

Benchmark 17/60
n=300000, n0=1000, d=3, k=8, cuda=True
Graph depth: 62, build_tree: 0.46 ms, query_neighbors: 728.06 ms, compute_depths: 10.22 ms, order_by_depth: 1526.52 ms
Forward pass: 3.77 ± 0.02 ms

Benchmark 18/60
n=300000, n0=1000, d=3, k=8, cuda=False
Graph depth: 62, build_tree: 0.47 ms, query_neighbors: 700.75 ms, compute_depths: 0.11 ms, order_by_depth: 192.20 ms
Forward pass: 16.07 ± 0.02 ms

Benchmark 19/60
n=300000, n0=1000, d=3, k=8, cuda=True, graph={'strict': False, 'factor': 5.0}
Graph depth: 5, build_tree: 0.91 ms, compute_offsets: 0.01 ms, query_neighbors: 747.89 ms
Forward pass: 1.00 ± 0.03 ms

Benchmark 20/60
n=300000, n0=1000, d=3, k=8, cuda=False, graph={'strict': False, 'factor': 5.0}
Graph depth: 5, build_tree: 0.48 ms, compute_offsets: 0.01 ms, query_neighbors: 724.32 ms
Forward pass: 6.99 ± 0.03 ms

Benchmark 21/60
n=300000, n0=1000, d=3, k=16, cuda=True
Graph depth: 115, build_tree: 0.48 ms, query_neighbors: 840.09 ms, compute_depths: 10.88 ms, order_by_depth: 1799.79 ms
Forward pass: 19.95 ± 0.08 ms

Benchmark 22/60
n=300000, n0=1000, d=3, k=16, cuda=False
Graph depth: 115, build_tree: 0.49 ms, query_neighbors: 823.84 ms, compute_depths: 0.15 ms, order_by_depth: 321.02 ms
Forward pass: 40.91 ± 0.09 ms

Benchmark 23/60
n=300000, n0=1000, d=3, k=16, cuda=True, graph={'strict': False, 'factor': 5.0}
Graph depth: 5, build_tree: 1.50 ms, compute_offsets: 0.01 ms, query_neighbors: 872.85 ms
Forward pass: 1.94 ± 0.02 ms

Benchmark 24/60
n=300000, n0=1000, d=3, k=16, cuda=False, graph={'strict': False, 'factor': 5.0}
Graph depth: 5, build_tree: 0.45 ms, compute_offsets: 0.01 ms, query_neighbors: 826.43 ms
Forward pass: 20.88 ± 0.05 ms

Benchmark 25/60
n=1000000, n0=1000, d=3, k=4, cuda=True
Graph depth: 42, build_tree: 1684.71 ms, query_neighbors: 1014.36 ms, compute_depths: 11.46 ms, order_by_depth: 1614.83 ms
Forward pass: 1.64 ± 0.03 ms

Benchmark 26/60
n=1000000, n0=1000, d=3, k=4, cuda=False
Graph depth: 42, build_tree: 0.54 ms, query_neighbors: 952.58 ms, compute_depths: 0.11 ms, order_by_depth: 430.08 ms
Forward pass: 14.66 ± 0.05 ms

Benchmark 27/60
n=1000000, n0=1000, d=3, k=4, cuda=True, graph={'strict': False, 'factor': 5.0}
Graph depth: 6, build_tree: 0.71 ms, compute_offsets: 0.01 ms, query_neighbors: 1192.09 ms
Forward pass: 0.99 ± 0.05 ms

Benchmark 28/60
n=1000000, n0=1000, d=3, k=4, cuda=False, graph={'strict': False, 'factor': 5.0}
Graph depth: 6, build_tree: 0.56 ms, compute_offsets: 0.01 ms, query_neighbors: 1009.85 ms
Forward pass: 8.99 ± 0.05 ms

Benchmark 29/60
n=1000000, n0=1000, d=3, k=8, cuda=True
Graph depth: 74, build_tree: 0.54 ms, query_neighbors: 1085.38 ms, compute_depths: 11.11 ms, order_by_depth: 1622.78 ms
Forward pass: 4.62 ± 0.04 ms

Benchmark 30/60
n=1000000, n0=1000, d=3, k=8, cuda=False
Graph depth: 74, build_tree: 0.49 ms, query_neighbors: 1046.25 ms, compute_depths: 0.11 ms, order_by_depth: 757.23 ms
Forward pass: 31.30 ± 0.07 ms

Benchmark 31/60
n=1000000, n0=1000, d=3, k=8, cuda=True, graph={'strict': False, 'factor': 5.0}
Graph depth: 6, build_tree: 1.07 ms, compute_offsets: 0.01 ms, query_neighbors: 1172.15 ms
Forward pass: 1.45 ± 0.03 ms

Benchmark 32/60
n=1000000, n0=1000, d=3, k=8, cuda=False, graph={'strict': False, 'factor': 5.0}
Graph depth: 6, build_tree: 0.60 ms, compute_offsets: 0.01 ms, query_neighbors: 1172.18 ms
Forward pass: 20.49 ± 0.01 ms

Benchmark 33/60
n=1000000, n0=1000, d=3, k=16, cuda=True
Graph depth: 137, build_tree: 0.54 ms, query_neighbors: 1405.34 ms, compute_depths: 11.72 ms, order_by_depth: 1455.76 ms
Forward pass: 24.62 ± 0.07 ms

Benchmark 34/60
n=1000000, n0=1000, d=3, k=16, cuda=False
Graph depth: 137, build_tree: 0.52 ms, query_neighbors: 1337.70 ms, compute_depths: 0.11 ms, order_by_depth: 1177.19 ms
Forward pass: 91.54 ± 0.06 ms

Benchmark 35/60
n=1000000, n0=1000, d=3, k=16, cuda=True, graph={'strict': False, 'factor': 5.0}
Graph depth: 6, build_tree: 1.47 ms, compute_offsets: 0.02 ms, query_neighbors: 1579.10 ms
Forward pass: 3.96 ± 0.03 ms

Benchmark 36/60
n=1000000, n0=1000, d=3, k=16, cuda=False, graph={'strict': False, 'factor': 5.0}
Graph depth: 6, build_tree: 0.57 ms, compute_offsets: 0.01 ms, query_neighbors: 1540.35 ms
Forward pass: 66.08 ± 0.05 ms

Benchmark 37/60
n=3000000, n0=1000, d=3, k=4, cuda=True
Graph depth: 49, build_tree: 2053.62 ms, query_neighbors: 2783.04 ms, compute_depths: 12.13 ms, order_by_depth: 1925.28 ms
Forward pass: 2.32 ± 0.08 ms

Benchmark 38/60
n=3000000, n0=1000, d=3, k=4, cuda=False
Graph depth: 49, build_tree: 0.73 ms, query_neighbors: 2751.74 ms, compute_depths: 0.12 ms, order_by_depth: 1388.24 ms
Forward pass: 31.06 ± 0.06 ms

Benchmark 39/60
n=3000000, n0=1000, d=3, k=4, cuda=True, graph={'strict': False, 'factor': 5.0}
Graph depth: 6, build_tree: 0.82 ms, compute_offsets: 0.01 ms, query_neighbors: 3039.50 ms
Forward pass: 1.38 ± 0.05 ms

Benchmark 40/60
n=3000000, n0=1000, d=3, k=4, cuda=False, graph={'strict': False, 'factor': 5.0}
Graph depth: 6, build_tree: 0.73 ms, compute_offsets: 0.01 ms, query_neighbors: 2815.93 ms
Forward pass: 24.81 ± 0.05 ms

Benchmark 41/60
n=3000000, n0=1000, d=3, k=8, cuda=True
Graph depth: 86, build_tree: 0.79 ms, query_neighbors: 3142.53 ms, compute_depths: 11.90 ms, order_by_depth: 2671.31 ms
Forward pass: 6.42 ± 0.03 ms

Benchmark 42/60
n=3000000, n0=1000, d=3, k=8, cuda=False
Graph depth: 86, build_tree: 1.01 ms, query_neighbors: 3125.72 ms, compute_depths: 0.13 ms, order_by_depth: 2325.34 ms
Forward pass: 72.42 ± 0.10 ms

Benchmark 43/60
n=3000000, n0=1000, d=3, k=8, cuda=True, graph={'strict': False, 'factor': 5.0}
Graph depth: 6, build_tree: 0.93 ms, compute_offsets: 0.01 ms, query_neighbors: 3340.45 ms
Forward pass: 2.69 ± 0.03 ms

Benchmark 44/60
n=3000000, n0=1000, d=3, k=8, cuda=False, graph={'strict': False, 'factor': 5.0}
Graph depth: 6, build_tree: 0.85 ms, compute_offsets: 0.01 ms, query_neighbors: 3329.05 ms
Forward pass: 57.50 ± 0.03 ms

Benchmark 45/60
n=3000000, n0=1000, d=3, k=16, cuda=True
Graph depth: 160, build_tree: 0.81 ms, query_neighbors: 4099.93 ms, compute_depths: 16.23 ms, order_by_depth: 3898.52 ms
Forward pass: 33.21 ± 0.07 ms

Benchmark 46/60
n=3000000, n0=1000, d=3, k=16, cuda=False
Graph depth: 160, build_tree: 1.06 ms, query_neighbors: 4048.08 ms, compute_depths: 0.14 ms, order_by_depth: 3568.14 ms
Forward pass: 228.69 ± 0.11 ms

Benchmark 47/60
n=3000000, n0=1000, d=3, k=16, cuda=True, graph={'strict': False, 'factor': 5.0}
Graph depth: 6, build_tree: 5.50 ms, compute_offsets: 0.02 ms, query_neighbors: 4146.39 ms
Forward pass: 9.65 ± 0.05 ms

Benchmark 48/60
n=3000000, n0=1000, d=3, k=16, cuda=False, graph={'strict': False, 'factor': 5.0}
Graph depth: 6, build_tree: 0.63 ms, compute_offsets: 0.01 ms, query_neighbors: 4145.12 ms
Forward pass: 193.58 ± 0.05 ms

Benchmark 49/60
n=10000000, n0=1000, d=3, k=4, cuda=True
Graph depth: 58, build_tree: 2298.80 ms, query_neighbors: 8330.12 ms, compute_depths: 14.85 ms, order_by_depth: 5443.39 ms
Forward pass: 4.76 ± 0.04 ms

Benchmark 50/60
n=10000000, n0=1000, d=3, k=4, cuda=False
Graph depth: 58, build_tree: 0.76 ms, query_neighbors: 8288.82 ms, compute_depths: 0.13 ms, order_by_depth: 5115.76 ms
Forward pass: 88.47 ± 0.07 ms

Benchmark 51/60
n=10000000, n0=1000, d=3, k=4, cuda=True, graph={'strict': False, 'factor': 5.0}
Graph depth: 7, build_tree: 1.51 ms, compute_offsets: 0.01 ms, query_neighbors: 8834.65 ms
Forward pass: 3.19 ± 0.03 ms

Benchmark 52/60
n=10000000, n0=1000, d=3, k=4, cuda=False, graph={'strict': False, 'factor': 5.0}
Graph depth: 7, build_tree: 0.90 ms, compute_offsets: 0.01 ms, query_neighbors: 8671.50 ms
Forward pass: 79.62 ± 0.02 ms

Benchmark 53/60
n=10000000, n0=1000, d=3, k=8, cuda=True
Graph depth: 97, build_tree: 0.87 ms, query_neighbors: 10358.06 ms, compute_depths: 15.01 ms, order_by_depth: 8922.23 ms
Forward pass: 13.27 ± 0.09 ms

Benchmark 54/60
n=10000000, n0=1000, d=3, k=8, cuda=False
Graph depth: 97, build_tree: 1.52 ms, query_neighbors: 10335.50 ms, compute_depths: 0.14 ms, order_by_depth: 8520.33 ms
Forward pass: 209.13 ± 0.04 ms

Benchmark 55/60
n=10000000, n0=1000, d=3, k=8, cuda=True, graph={'strict': False, 'factor': 5.0}
Graph depth: 7, build_tree: 1.76 ms, compute_offsets: 0.01 ms, query_neighbors: 10235.71 ms
Forward pass: 7.92 ± 0.03 ms

Benchmark 56/60
n=10000000, n0=1000, d=3, k=8, cuda=False, graph={'strict': False, 'factor': 5.0}
Graph depth: 7, build_tree: 0.90 ms, compute_offsets: 0.01 ms, query_neighbors: 10274.45 ms
Forward pass: 188.15 ± 0.03 ms

Benchmark 57/60
n=10000000, n0=1000, d=3, k=16, cuda=True
Graph depth: 187, build_tree: 1.09 ms, query_neighbors: 14536.61 ms, compute_depths: 18.64 ms, order_by_depth: 13575.64 ms
Forward pass: 59.40 ± 0.06 ms

Benchmark 58/60
n=10000000, n0=1000, d=3, k=16, cuda=False
Graph depth: 187, build_tree: 1.62 ms, query_neighbors: 14528.91 ms, compute_depths: 0.18 ms, order_by_depth: 13131.84 ms
Forward pass: 695.05 ± 1.18 ms

Benchmark 59/60
n=10000000, n0=1000, d=3, k=16, cuda=True, graph={'strict': False, 'factor': 5.0}
Graph depth: 7, build_tree: 1.75 ms, compute_offsets: 0.02 ms, query_neighbors: 13777.24 ms
Forward pass: 30.87 ± 0.08 ms

Benchmark 60/60
n=10000000, n0=1000, d=3, k=16, cuda=False, graph={'strict': False, 'factor': 5.0}
Graph depth: 7, build_tree: 0.93 ms, compute_offsets: 0.01 ms, query_neighbors: 13803.87 ms
Forward pass: 642.28 ± 0.02 ms


All results saved to: output/scaling_results.json
