Running 72 benchmark combinations...
--------------------------------------------------
Benchmark 1/72
n=100000, n0=1000, d=3, k=4, cuda=True
Graph depth: 30, build_tree: 1298.24 ms, query_neighbors: 482.83 ms, compute_depths: 22.98 ms, order_by_depth: 1224.88 ms
Compiled memory: 30.9 MB
Warmup: 21.36 ms
Forward pass: 1.31 ± 0.05 ms

Benchmark 2/72
n=100000, n0=1000, d=3, k=4, cuda=False
Graph depth: 30, build_tree: 0.34 ms, query_neighbors: 419.21 ms, compute_depths: 0.10 ms, order_by_depth: 32.58 ms
Compiled memory: 30.9 MB
Warmup: 313.25 ms
Forward pass: 6.25 ± 0.09 ms

Benchmark 3/72
n=100000, n0=1000, d=3, k=4, cuda=True, graph={'strict': False, 'factor': 5.0}
Graph depth: 4, build_tree: 0.68 ms, query_neighbors: 630.07 ms
Compiled memory: 30.9 MB
Warmup: 7.09 ms
Forward pass: 0.81 ± 0.10 ms

Benchmark 4/72
n=100000, n0=1000, d=3, k=4, cuda=False, graph={'strict': False, 'factor': 5.0}
Graph depth: 4, build_tree: 0.35 ms, query_neighbors: 425.86 ms
Compiled memory: 54.3 MB
Warmup: 21.46 ms
Forward pass: 1.86 ± 0.03 ms

Benchmark 5/72
n=100000, n0=1000, d=3, k=8, cuda=True
Graph depth: 53, build_tree: 0.36 ms, query_neighbors: 443.50 ms, compute_depths: 9.30 ms, order_by_depth: 1200.36 ms
Compiled memory: 32.4 MB
Warmup: 7.74 ms
Forward pass: 3.29 ± 0.03 ms

Benchmark 6/72
n=100000, n0=1000, d=3, k=8, cuda=False
Graph depth: 53, build_tree: 0.57 ms, query_neighbors: 438.06 ms, compute_depths: 0.13 ms, order_by_depth: 54.28 ms
Compiled memory: 32.5 MB
Warmup: 371.32 ms
Forward pass: 12.08 ± 0.05 ms

Benchmark 7/72
n=100000, n0=1000, d=3, k=8, cuda=True, graph={'strict': False, 'factor': 5.0}
Graph depth: 4, build_tree: 0.63 ms, query_neighbors: 473.61 ms
Compiled memory: 32.4 MB
Warmup: 5.77 ms
Forward pass: 0.89 ± 0.06 ms

Benchmark 8/72
n=100000, n0=1000, d=3, k=8, cuda=False, graph={'strict': False, 'factor': 5.0}
Graph depth: 4, build_tree: 0.33 ms, query_neighbors: 503.20 ms
Compiled memory: 169.3 MB
Warmup: 29.16 ms
Forward pass: 3.04 ± 0.02 ms

Benchmark 9/72
n=100000, n0=1000, d=3, k=16, cuda=True
Graph depth: 95, build_tree: 0.33 ms, query_neighbors: 472.23 ms, compute_depths: 9.71 ms, order_by_depth: 1399.73 ms
Compiled memory: 35.4 MB
Warmup: 23.03 ms
Forward pass: 16.52 ± 0.07 ms

Benchmark 10/72
n=100000, n0=1000, d=3, k=16, cuda=False
Graph depth: 95, build_tree: 0.64 ms, query_neighbors: 462.65 ms, compute_depths: 0.10 ms, order_by_depth: 82.36 ms
Compiled memory: 38.5 MB
Warmup: 709.12 ms
Forward pass: 25.87 ± 0.07 ms

Benchmark 11/72
n=100000, n0=1000, d=3, k=16, cuda=True, graph={'strict': False, 'factor': 5.0}
Graph depth: 4, build_tree: 0.64 ms, query_neighbors: 506.73 ms
Compiled memory: 35.4 MB
Warmup: 5.76 ms
Forward pass: 1.39 ± 0.05 ms

Benchmark 12/72
n=100000, n0=1000, d=3, k=16, cuda=False, graph={'strict': False, 'factor': 5.0}
Graph depth: 4, build_tree: 0.34 ms, query_neighbors: 509.04 ms
Compiled memory: 587.6 MB
Warmup: 27.11 ms
Forward pass: 7.69 ± 0.08 ms

Benchmark 13/72
n=300000, n0=1000, d=3, k=4, cuda=True
Graph depth: 37, build_tree: 1490.49 ms, query_neighbors: 675.94 ms, compute_depths: 10.02 ms, order_by_depth: 1396.47 ms
Compiled memory: 39.3 MB
Warmup: 5.88 ms
Forward pass: 1.45 ± 0.03 ms

Benchmark 14/72
n=300000, n0=1000, d=3, k=4, cuda=False
Graph depth: 37, build_tree: 0.40 ms, query_neighbors: 657.47 ms, compute_depths: 0.10 ms, order_by_depth: 117.06 ms
Compiled memory: 39.4 MB
Warmup: 302.14 ms
Forward pass: 9.16 ± 0.09 ms

Benchmark 15/72
n=300000, n0=1000, d=3, k=4, cuda=True, graph={'strict': False, 'factor': 5.0}
Graph depth: 5, build_tree: 0.49 ms, query_neighbors: 903.20 ms
Compiled memory: 39.3 MB
Warmup: 5.18 ms
Forward pass: 0.81 ± 0.02 ms

Benchmark 16/72
n=300000, n0=1000, d=3, k=4, cuda=False, graph={'strict': False, 'factor': 5.0}
Graph depth: 5, build_tree: 0.41 ms, query_neighbors: 668.67 ms
Compiled memory: 130.3 MB
Warmup: 31.57 ms
Forward pass: 3.51 ± 0.04 ms

Benchmark 17/72
n=300000, n0=1000, d=3, k=8, cuda=True
Graph depth: 62, build_tree: 0.47 ms, query_neighbors: 736.93 ms, compute_depths: 11.40 ms, order_by_depth: 1448.71 ms
Compiled memory: 43.8 MB
Warmup: 8.20 ms
Forward pass: 3.80 ± 0.03 ms

Benchmark 18/72
n=300000, n0=1000, d=3, k=8, cuda=False
Graph depth: 62, build_tree: 0.40 ms, query_neighbors: 719.85 ms, compute_depths: 0.11 ms, order_by_depth: 192.15 ms
Compiled memory: 60.6 MB
Warmup: 410.87 ms
Forward pass: 16.80 ± 0.07 ms

Benchmark 19/72
n=300000, n0=1000, d=3, k=8, cuda=True, graph={'strict': False, 'factor': 5.0}
Graph depth: 5, build_tree: 0.85 ms, query_neighbors: 729.82 ms
Compiled memory: 43.8 MB
Warmup: 5.69 ms
Forward pass: 1.00 ± 0.03 ms

Benchmark 20/72
n=300000, n0=1000, d=3, k=8, cuda=False, graph={'strict': False, 'factor': 5.0}
Graph depth: 5, build_tree: 0.45 ms, query_neighbors: 721.93 ms
Compiled memory: 396.1 MB
Warmup: 47.69 ms
Forward pass: 7.05 ± 0.02 ms

Benchmark 21/72
n=300000, n0=1000, d=3, k=16, cuda=True
Graph depth: 115, build_tree: 0.43 ms, query_neighbors: 830.82 ms, compute_depths: 10.34 ms, order_by_depth: 1751.44 ms
Compiled memory: 53.0 MB
Warmup: 24.28 ms
Forward pass: 19.98 ± 0.08 ms

Benchmark 22/72
n=300000, n0=1000, d=3, k=16, cuda=False
Graph depth: 115, build_tree: 0.40 ms, query_neighbors: 810.81 ms, compute_depths: 0.11 ms, order_by_depth: 321.69 ms
Compiled memory: 116.6 MB
Warmup: 897.10 ms
Forward pass: 42.40 ± 0.03 ms

Benchmark 23/72
n=300000, n0=1000, d=3, k=16, cuda=True, graph={'strict': False, 'factor': 5.0}
Graph depth: 5, build_tree: 1.37 ms, query_neighbors: 838.86 ms
Compiled memory: 53.0 MB
Warmup: 6.68 ms
Forward pass: 1.96 ± 0.03 ms

Benchmark 24/72
n=300000, n0=1000, d=3, k=16, cuda=False, graph={'strict': False, 'factor': 5.0}
Graph depth: 5, build_tree: 0.42 ms, query_neighbors: 822.42 ms
Compiled memory: 1377.2 MB
Warmup: 46.37 ms
Forward pass: 21.03 ± 0.05 ms

Benchmark 25/72
n=1000000, n0=1000, d=3, k=4, cuda=True
Graph depth: 42, build_tree: 1613.06 ms, query_neighbors: 953.18 ms, compute_depths: 10.96 ms, order_by_depth: 1564.82 ms
Compiled memory: 64.8 MB
Warmup: 6.15 ms
Forward pass: 1.69 ± 0.07 ms

Benchmark 26/72
n=1000000, n0=1000, d=3, k=4, cuda=False
Graph depth: 42, build_tree: 0.43 ms, query_neighbors: 923.52 ms, compute_depths: 0.11 ms, order_by_depth: 432.35 ms
Compiled memory: 108.5 MB
Warmup: 353.38 ms
Forward pass: 15.15 ± 0.06 ms

Benchmark 27/72
n=1000000, n0=1000, d=3, k=4, cuda=True, graph={'strict': False, 'factor': 5.0}
Graph depth: 6, build_tree: 0.88 ms, query_neighbors: 1160.93 ms
Compiled memory: 64.8 MB
Warmup: 5.58 ms
Forward pass: 0.99 ± 0.05 ms

Benchmark 28/72
n=1000000, n0=1000, d=3, k=4, cuda=False, graph={'strict': False, 'factor': 5.0}
Graph depth: 6, build_tree: 0.48 ms, query_neighbors: 945.42 ms
Compiled memory: 376.6 MB
Warmup: 46.55 ms
Forward pass: 9.14 ± 0.10 ms

Benchmark 29/72
n=1000000, n0=1000, d=3, k=8, cuda=True
Graph depth: 74, build_tree: 0.50 ms, query_neighbors: 1029.83 ms, compute_depths: 10.85 ms, order_by_depth: 1578.19 ms
Compiled memory: 80.1 MB
Warmup: 8.99 ms
Forward pass: 4.67 ± 0.09 ms

Benchmark 30/72
n=1000000, n0=1000, d=3, k=8, cuda=False
Graph depth: 74, build_tree: 0.44 ms, query_neighbors: 1040.78 ms, compute_depths: 0.11 ms, order_by_depth: 758.49 ms
Compiled memory: 191.6 MB
Warmup: 538.96 ms
Forward pass: 32.10 ± 0.06 ms

Benchmark 31/72
n=1000000, n0=1000, d=3, k=8, cuda=True, graph={'strict': False, 'factor': 5.0}
Graph depth: 6, build_tree: 0.56 ms, query_neighbors: 1129.91 ms
Compiled memory: 80.1 MB
Warmup: 6.36 ms
Forward pass: 1.47 ± 0.03 ms

Benchmark 32/72
n=1000000, n0=1000, d=3, k=8, cuda=False, graph={'strict': False, 'factor': 5.0}
Graph depth: 6, build_tree: 0.50 ms, query_neighbors: 1171.75 ms
Compiled memory: 1139.1 MB
Warmup: 52.01 ms
Forward pass: 20.41 ± 0.06 ms

Benchmark 33/72
n=1000000, n0=1000, d=3, k=16, cuda=True
Graph depth: 137, build_tree: 0.50 ms, query_neighbors: 1403.33 ms, compute_depths: 11.40 ms, order_by_depth: 1437.50 ms
Compiled memory: 110.6 MB
Warmup: 28.96 ms
Forward pass: 24.55 ± 0.06 ms

Benchmark 34/72
n=1000000, n0=1000, d=3, k=16, cuda=False
Graph depth: 137, build_tree: 0.60 ms, query_neighbors: 1351.12 ms, compute_depths: 0.11 ms, order_by_depth: 1178.31 ms
Compiled memory: 385.4 MB
Warmup: 1351.41 ms
Forward pass: 93.01 ± 0.05 ms

Benchmark 35/72
n=1000000, n0=1000, d=3, k=16, cuda=True, graph={'strict': False, 'factor': 5.0}
Graph depth: 6, build_tree: 1.36 ms, query_neighbors: 1530.80 ms
Compiled memory: 110.6 MB
Warmup: 8.72 ms
Forward pass: 3.97 ± 0.03 ms

Benchmark 36/72
n=1000000, n0=1000, d=3, k=16, cuda=False, graph={'strict': False, 'factor': 5.0}
Graph depth: 6, build_tree: 0.54 ms, query_neighbors: 1516.01 ms
Compiled memory: 3954.4 MB
Warmup: 98.00 ms
Forward pass: 66.07 ± 0.05 ms

Benchmark 37/72
n=3000000, n0=1000, d=3, k=4, cuda=True
Graph depth: 49, build_tree: 1986.81 ms, query_neighbors: 3548.39 ms, compute_depths: 11.48 ms, order_by_depth: 1830.12 ms
Compiled memory: 148.8 MB
Warmup: 7.98 ms
Forward pass: 2.30 ± 0.03 ms

Benchmark 38/72
n=3000000, n0=1000, d=3, k=4, cuda=False
Graph depth: 49, build_tree: 0.61 ms, query_neighbors: 2625.84 ms, compute_depths: 0.12 ms, order_by_depth: 1389.39 ms
Compiled memory: 320.3 MB
Warmup: 380.21 ms
Forward pass: 31.58 ± 0.05 ms

Benchmark 39/72
n=3000000, n0=1000, d=3, k=4, cuda=True, graph={'strict': False, 'factor': 5.0}
Graph depth: 6, build_tree: 1.02 ms, query_neighbors: 2881.96 ms
Compiled memory: 148.8 MB
Warmup: 6.16 ms
Forward pass: 1.35 ± 0.03 ms

Benchmark 40/72
n=3000000, n0=1000, d=3, k=4, cuda=False, graph={'strict': False, 'factor': 5.0}
Graph depth: 6, build_tree: 0.66 ms, query_neighbors: 2708.77 ms
Compiled memory: 1714.1 MB
Warmup: 56.45 ms
Forward pass: 24.86 ± 0.05 ms

Benchmark 41/72
n=3000000, n0=1000, d=3, k=8, cuda=True
Graph depth: 86, build_tree: 0.58 ms, query_neighbors: 3023.82 ms, compute_depths: 11.39 ms, order_by_depth: 2655.84 ms
Compiled memory: 194.5 MB
Warmup: 12.11 ms
Forward pass: 6.42 ± 0.03 ms

Benchmark 42/72
n=3000000, n0=1000, d=3, k=8, cuda=False
Graph depth: 86, build_tree: 0.56 ms, query_neighbors: 3018.61 ms, compute_depths: 0.12 ms, order_by_depth: 2325.90 ms
Compiled memory: 559.5 MB
Warmup: 744.59 ms
Forward pass: 73.40 ± 0.07 ms

Benchmark 43/72
n=3000000, n0=1000, d=3, k=8, cuda=True, graph={'strict': False, 'factor': 5.0}
Graph depth: 6, build_tree: 1.15 ms, query_neighbors: 3212.00 ms
Compiled memory: 194.5 MB
Warmup: 7.48 ms
Forward pass: 2.70 ± 0.03 ms

Benchmark 44/72
n=3000000, n0=1000, d=3, k=8, cuda=False, graph={'strict': False, 'factor': 5.0}
Graph depth: 6, build_tree: 0.63 ms, query_neighbors: 3191.96 ms
Compiled memory: 5329.1 MB
Warmup: 98.80 ms
Forward pass: 57.48 ± 0.10 ms

Benchmark 45/72
n=3000000, n0=1000, d=3, k=16, cuda=True
Graph depth: 160, build_tree: 0.56 ms, query_neighbors: 3975.03 ms, compute_depths: 13.43 ms, order_by_depth: 3883.35 ms
Compiled memory: 286.0 MB
Warmup: 41.67 ms
Forward pass: 33.24 ± 0.02 ms

Benchmark 46/72
n=3000000, n0=1000, d=3, k=16, cuda=False
Graph depth: 160, build_tree: 0.58 ms, query_neighbors: 3913.88 ms, compute_depths: 0.13 ms, order_by_depth: 3572.13 ms
Compiled memory: 1228.3 MB
Warmup: 1986.04 ms
Forward pass: 230.54 ± 0.18 ms

Benchmark 47/72
n=3000000, n0=1000, d=3, k=16, cuda=True, graph={'strict': False, 'factor': 5.0}
Graph depth: 6, build_tree: 2.02 ms, query_neighbors: 4048.06 ms
Compiled memory: 286.0 MB
Warmup: 14.25 ms
Forward pass: 9.61 ± 0.03 ms

Benchmark 48/72
n=3000000, n0=1000, d=3, k=16, cuda=False, graph={'strict': False, 'factor': 5.0}
Graph depth: 6, build_tree: 0.58 ms, query_neighbors: 4038.32 ms
Compiled memory: 18630.0 MB
Warmup: 225.09 ms
Forward pass: 193.64 ± 0.11 ms

Benchmark 49/72
n=10000000, n0=1000, d=3, k=4, cuda=True
Graph depth: 58, build_tree: 2170.68 ms, query_neighbors: 8153.60 ms, compute_depths: 12.74 ms, order_by_depth: 5427.73 ms
Compiled memory: 457.8 MB
Warmup: 9.53 ms
Forward pass: 4.77 ± 0.03 ms

Benchmark 50/72
n=10000000, n0=1000, d=3, k=4, cuda=False
Graph depth: 58, build_tree: 0.67 ms, query_neighbors: 8134.59 ms, compute_depths: 0.13 ms, order_by_depth: 5120.41 ms
Compiled memory: 1061.6 MB
Warmup: 485.58 ms
Forward pass: 89.04 ± 0.03 ms

Benchmark 51/72
n=10000000, n0=1000, d=3, k=4, cuda=True, graph={'strict': False, 'factor': 5.0}
Graph depth: 7, build_tree: 1.34 ms, query_neighbors: 8693.65 ms
Compiled memory: 457.8 MB
Warmup: 7.99 ms
Forward pass: 3.20 ± 0.03 ms

Benchmark 52/72
n=10000000, n0=1000, d=3, k=4, cuda=False, graph={'strict': False, 'factor': 5.0}
Graph depth: 7, build_tree: 0.78 ms, query_neighbors: 8590.11 ms
Compiled memory: 5047.3 MB
Warmup: 117.68 ms
Forward pass: 79.68 ± 0.05 ms

Benchmark 53/72
n=10000000, n0=1000, d=3, k=8, cuda=True
Graph depth: 97, build_tree: 0.75 ms, query_neighbors: 10260.22 ms, compute_depths: 13.27 ms, order_by_depth: 8919.05 ms
Compiled memory: 610.3 MB
Warmup: 17.73 ms
Forward pass: 13.20 ± 0.06 ms

Benchmark 54/72
n=10000000, n0=1000, d=3, k=8, cuda=False
Graph depth: 97, build_tree: 1.24 ms, query_neighbors: 10312.75 ms, compute_depths: 0.14 ms, order_by_depth: 8530.78 ms
Compiled memory: 1861.5 MB
Warmup: 945.10 ms
Forward pass: 210.29 ± 0.05 ms

Benchmark 55/72
n=10000000, n0=1000, d=3, k=8, cuda=True, graph={'strict': False, 'factor': 5.0}
Graph depth: 7, build_tree: 1.42 ms, query_neighbors: 10098.76 ms
Compiled memory: 610.3 MB
Warmup: 12.85 ms
Forward pass: 7.93 ± 0.03 ms

Benchmark 56/72
n=10000000, n0=1000, d=3, k=8, cuda=False, graph={'strict': False, 'factor': 5.0}
Graph depth: 7, build_tree: 0.76 ms, query_neighbors: 10241.30 ms
Compiled memory: 15506.7 MB
Warmup: 226.05 ms
Forward pass: 188.27 ± 0.03 ms

Benchmark 57/72
n=10000000, n0=1000, d=3, k=16, cuda=True
Graph depth: 187, build_tree: 0.83 ms, query_neighbors: 14414.62 ms, compute_depths: 14.13 ms, order_by_depth: 13548.38 ms
Compiled memory: 915.5 MB
Warmup: 64.21 ms
Forward pass: 59.26 ± 0.05 ms

Benchmark 58/72
n=10000000, n0=1000, d=3, k=16, cuda=False
Graph depth: 187, build_tree: 1.26 ms, query_neighbors: 14443.30 ms, compute_depths: 0.16 ms, order_by_depth: 13147.29 ms
Compiled memory: 3576.7 MB
Warmup: 2725.82 ms
Forward pass: 696.81 ± 0.07 ms

Benchmark 59/72
n=10000000, n0=1000, d=3, k=16, cuda=True, graph={'strict': False, 'factor': 5.0}
Graph depth: 7, build_tree: 1.41 ms, query_neighbors: 13681.85 ms
Compiled memory: 915.5 MB
Warmup: 36.16 ms
Forward pass: 30.92 ± 0.07 ms

Benchmark 60/72
n=10000000, n0=1000, d=3, k=16, cuda=False, graph={'strict': False, 'factor': 5.0}
Graph depth: 7, build_tree: 1.28 ms, query_neighbors: 13640.85 ms
Compiled memory: 54049.4 MB
Warmup: 681.46 ms
Forward pass: 642.27 ± 0.10 ms

Benchmark 61/72
n=30000000, n0=1000, d=3, k=4, cuda=True
Graph depth: 64, build_tree: 2357.79 ms, query_neighbors: 24348.56 ms, compute_depths: 16.08 ms, order_by_depth: 19659.69 ms
Compiled memory: 1373.3 MB
Warmup: 17.88 ms
Forward pass: 12.51 ± 0.02 ms

Benchmark 62/72
n=30000000, n0=1000, d=3, k=4, cuda=True, graph={'strict': False, 'factor': 5.0}
Graph depth: 8, build_tree: 0.94 ms, query_neighbors: 24713.47 ms
Compiled memory: 1373.3 MB
Warmup: 14.37 ms
Forward pass: 9.27 ± 0.05 ms

Benchmark 63/72
n=30000000, n0=1000, d=3, k=8, cuda=True
Graph depth: 113, build_tree: 0.85 ms, query_neighbors: 31249.93 ms, compute_depths: 14.92 ms, order_by_depth: 31752.14 ms
Compiled memory: 1831.0 MB
Warmup: 40.48 ms
Forward pass: 33.34 ± 0.02 ms

Benchmark 64/72
n=30000000, n0=1000, d=3, k=8, cuda=True, graph={'strict': False, 'factor': 5.0}
Graph depth: 8, build_tree: 1.34 ms, query_neighbors: 30774.95 ms
Compiled memory: 1831.0 MB
Warmup: 28.55 ms
Forward pass: 23.77 ± 0.07 ms

Benchmark 65/72
n=30000000, n0=1000, d=3, k=16, cuda=True
Graph depth: 210, build_tree: 0.80 ms, query_neighbors: 42593.13 ms, compute_depths: 17.07 ms, order_by_depth: 48672.00 ms
Compiled memory: 2746.5 MB
Warmup: 135.35 ms
Forward pass: 130.44 ± 0.11 ms

Benchmark 66/72
n=30000000, n0=1000, d=3, k=16, cuda=True, graph={'strict': False, 'factor': 5.0}
Graph depth: 8, build_tree: 1.38 ms, query_neighbors: 41497.51 ms
Compiled memory: 2746.5 MB
Warmup: 98.29 ms
Forward pass: 91.87 ± 0.03 ms

Benchmark 67/72
n=100000000, n0=1000, d=3, k=4, cuda=True
Graph depth: 68, build_tree: 2595.03 ms, query_neighbors: 85884.56 ms, compute_depths: 18.08 ms, order_by_depth: 72664.67 ms
Compiled memory: 4577.6 MB
Warmup: 45.23 ms
Forward pass: 40.32 ± 0.05 ms

Benchmark 68/72
n=100000000, n0=1000, d=3, k=4, cuda=True, graph={'strict': False, 'factor': 5.0}
Graph depth: 9, build_tree: 1.08 ms, query_neighbors: 85550.00 ms
Compiled memory: 4577.6 MB
Warmup: 36.05 ms
Forward pass: 30.59 ± 0.08 ms

Benchmark 69/72
n=100000000, n0=1000, d=3, k=8, cuda=True
Graph depth: 122, build_tree: 1.63 ms, query_neighbors: 121704.86 ms, compute_depths: 18.51 ms, order_by_depth: 117125.37 ms
Compiled memory: 6103.5 MB
Warmup: 106.90 ms
Forward pass: 101.52 ± 0.04 ms

Benchmark 70/72
n=100000000, n0=1000, d=3, k=8, cuda=True, graph={'strict': False, 'factor': 5.0}
slurmstepd: error: *** JOB 89110 ON n15 CANCELLED AT 2025-09-04T13:27:42 DUE TO TIME LIMIT ***
