Running 48 benchmark combinations...
--------------------------------------------------
Benchmark 1/48
n=100000, n0=1000, d=3, k=4, cuda=True
Graph depth: 30, Mean time: 1.30 ms

Benchmark 2/48
n=100000, n0=1000, d=3, k=4, cuda=True, graph={'strict': False, 'factor': 5.0}
Graph depth: 4, Mean time: 0.76 ms

Benchmark 3/48
n=100000, n0=1000, d=3, k=8, cuda=True
Graph depth: 53, Mean time: 3.34 ms

Benchmark 4/48
n=100000, n0=1000, d=3, k=8, cuda=True, graph={'strict': False, 'factor': 5.0}
Graph depth: 4, Mean time: 0.86 ms

Benchmark 5/48
n=100000, n0=1000, d=3, k=16, cuda=True
Graph depth: 95, Mean time: 16.35 ms

Benchmark 6/48
n=100000, n0=1000, d=3, k=16, cuda=True, graph={'strict': False, 'factor': 5.0}
Graph depth: 4, Mean time: 1.40 ms

Benchmark 7/48
n=1000000, n0=1000, d=3, k=4, cuda=True
Graph depth: 42, Mean time: 1.71 ms

Benchmark 8/48
n=1000000, n0=1000, d=3, k=4, cuda=True, graph={'strict': False, 'factor': 5.0}
Graph depth: 6, Mean time: 0.96 ms

Benchmark 9/48
n=1000000, n0=1000, d=3, k=8, cuda=True
Graph depth: 74, Mean time: 4.64 ms

Benchmark 10/48
n=1000000, n0=1000, d=3, k=8, cuda=True, graph={'strict': False, 'factor': 5.0}
Graph depth: 6, Mean time: 1.51 ms

Benchmark 11/48
n=1000000, n0=1000, d=3, k=16, cuda=True
Graph depth: 137, Mean time: 24.49 ms

Benchmark 12/48
n=1000000, n0=1000, d=3, k=16, cuda=True, graph={'strict': False, 'factor': 5.0}
Graph depth: 6, Mean time: 3.98 ms

Benchmark 13/48
n=10000000, n0=1000, d=3, k=4, cuda=True
Graph depth: 58, Mean time: 4.77 ms

Benchmark 14/48
n=10000000, n0=1000, d=3, k=4, cuda=True, graph={'strict': False, 'factor': 5.0}
Graph depth: 7, Mean time: 3.24 ms

Benchmark 15/48
n=10000000, n0=1000, d=3, k=8, cuda=True
Graph depth: 97, Mean time: 13.16 ms

Benchmark 16/48
n=10000000, n0=1000, d=3, k=8, cuda=True, graph={'strict': False, 'factor': 5.0}
Graph depth: 7, Mean time: 7.93 ms

Benchmark 17/48
n=10000000, n0=1000, d=3, k=16, cuda=True
Graph depth: 187, Mean time: 59.24 ms

Benchmark 18/48
n=10000000, n0=1000, d=3, k=16, cuda=True, graph={'strict': False, 'factor': 5.0}
Graph depth: 7, Mean time: 30.72 ms

Benchmark 19/48
n=100000000, n0=1000, d=3, k=4, cuda=True
Graph depth: 68, Mean time: 40.12 ms

Benchmark 20/48
n=100000000, n0=1000, d=3, k=4, cuda=True, graph={'strict': False, 'factor': 5.0}
Graph depth: 9, Mean time: 30.53 ms

Benchmark 21/48
n=100000000, n0=1000, d=3, k=8, cuda=True
Graph depth: 122, Mean time: 101.64 ms

Benchmark 22/48
n=100000000, n0=1000, d=3, k=8, cuda=True, graph={'strict': False, 'factor': 5.0}
Graph depth: 9, Mean time: 78.43 ms

Benchmark 23/48
n=100000000, n0=1000, d=3, k=16, cuda=True
slurmstepd: error: *** JOB 88954 ON n07 CANCELLED AT 2025-09-03T17:51:10 ***
