Running 36 benchmark combinations...
--------------------------------------------------
Benchmark 1/36
n=100000, n0=100, d=3, k=4, cuda=True
Graph depth: 42, build_tree: 1261.96 ms, query_neighbors: 483.66 ms, compute_depths: 34.78 ms, order_by_depth: 1249.00 ms
Forward pass: 1.05 ± 0.04 ms

Benchmark 2/36
n=100000, n0=100, d=3, k=4, cuda=False
Graph depth: 42, build_tree: 0.72 ms, query_neighbors: 421.15 ms, compute_depths: 0.13 ms, order_by_depth: 33.65 ms
Forward pass: 7.51 ± 0.08 ms

Benchmark 3/36
n=100000, n0=100, d=3, k=4, cuda=True, graph={'strict': False, 'factor': 5.0}
Graph depth: 6, build_tree: 0.60 ms, compute_offsets: 0.02 ms, query_neighbors: 652.56 ms
Forward pass: 0.33 ± 0.01 ms

Benchmark 4/36
n=100000, n0=100, d=3, k=4, cuda=False, graph={'strict': False, 'factor': 5.0}
Graph depth: 6, build_tree: 0.60 ms, compute_offsets: 0.01 ms, query_neighbors: 433.40 ms
Forward pass: 1.71 ± 0.04 ms

Benchmark 5/36
n=100000, n0=100, d=3, k=8, cuda=True
Graph depth: 72, build_tree: 0.37 ms, query_neighbors: 451.39 ms, compute_depths: 9.49 ms, order_by_depth: 1266.94 ms
Forward pass: 3.69 ± 0.03 ms

Benchmark 6/36
n=100000, n0=100, d=3, k=8, cuda=False
slurmstepd: error: *** JOB 89085 ON n29 CANCELLED AT 2025-09-04T11:10:36 ***
